<?xml version="1.0"?>
<nonmem>
<text><![CDATA[
/Users/timb/project/metrum-mifuns/inst/mi210/script/../nonmem/1001.lock/1001.lst
2010.03.01.1817.42
$PROB 1001 phase1 1CMT
$INPUT C ID TIME SEQ=DROP EVID AMT DV
$DATA ../../data/derived/phase1.csv IGNORE=C
$SUBROUTINE ADVAN2 TRANS2
$PK
 CL=THETA(1)*EXP(ETA(1))
 V =THETA(2)*EXP(ETA(2))
 KA=THETA(3)*EXP(ETA(3))
 S2=V
 
$ERROR
 Y=F*EXP(ERR(1)) + ERR(2)
 IPRE=F

$THETA 
(10)     ;CL
(10)      ;V
(0.2)     ;KA

$OMEGA 0.09 0.09 0.09 
$SIGMA 0.09 0.1
$ESTIMATION MAXEVAL=9999 PRINT=5 NOABORT METHOD=1 INTER MSFO=./1001.msf
$COV PRINT=E
$TABLE NOPRINT FILE=./1001.tab ONEHEADER ID AMT TIME EVID PRED IPRE CWRES
$TABLE NOPRINT FILE=./1001par.tab ONEHEADER ID TIME CL V KA ETA1 ETA2 ETA3
License Registered to: Metrum Research Group
Expiration Date:    14 JUL 2010
Current Date:        1 MAR 2010
Days until program expires : 133
1NONLINEAR MIXED EFFECTS MODEL PROGRAM (NONMEM) VERSION 7.1.0
 ORIGINALLY DEVELOPED BY STUART BEAL, LEWIS SHEINER, AND ALISON BOECKMANN
 CURRENT DEVELOPERS ARE ROBERT BAUER, ICON DEVELOPMENT SOLUTIONS,
 AND ALISON BOECKMANN. IMPLEMENTATION, EFFICIENCY, AND STANDARDIZATION
 PERFORMED BY NOUS INFOSYSTEMS.
 
 PROBLEM NO.:         1
 1001 phase1 1CMT                                                        
0DATA CHECKOUT RUN:              NO 
 DATA SET LOCATED ON UNIT NO.:    2
 THIS UNIT TO BE REWOUND:        NO 
 NO. OF DATA RECS IN DATA SET:      272
 NO. OF DATA ITEMS IN DATA SET:   7
 ID DATA ITEM IS DATA ITEM NO.:   2
 DEP VARIABLE IS DATA ITEM NO.:   6
 MDV DATA ITEM IS DATA ITEM NO.:  7
0INDICES PASSED TO SUBROUTINE PRED:
  4  3  5  0  0  0  0  0  0
  0  0
 0LABELS FOR DATA ITEMS:
  C ID TIME EVID AMT DV MDV
0(NONBLANK) LABELS FOR PRED-DEFINED ITEMS:
 CL      V       KA      IPRE
0FORMAT FOR DATA:
 (6E9.0,1F2.0)                                                                   
 
 TOT. NO. OF OBS RECS:      252
 TOT. NO. OF INDIVIDUALS:     20
0LENGTH OF THETA:  3
0DEFAULT THETA BOUNDARY TEST OMITTED:    NO 
0OMEGA HAS SIMPLE DIAGONAL FORM WITH DIMENSION:  3
0DEFAULT OMEGA BOUNDARY TEST OMITTED:    NO 
0SIGMA HAS SIMPLE DIAGONAL FORM WITH DIMENSION:  2
0DEFAULT SIGMA BOUNDARY TEST OMITTED:    NO 
0INITIAL ESTIMATE OF THETA:
   0.1000E+02  0.1000E+02  0.2000E+00
0INITIAL ESTIMATE OF OMEGA:
 0.9000E-01
 0.0000E+00   0.9000E-01
 0.0000E+00   0.0000E+00   0.9000E-01
0INITIAL ESTIMATE OF SIGMA:
 0.9000E-01
 0.0000E+00   0.1000E+00
0ESTIMATION STEP OMITTED:           NO 
 CONDITIONAL ESTIMATES USED:       YES 
 CENTERED ETA:                      NO 
 EPS-ETA INTERACTION:              YES 
 LAPLACIAN OBJ. FUNC.:              NO 
 NO. OF FUNCT. EVALS. ALLOWED:       9999
 NO. OF SIG. FIGURES REQUIRED:       3
 INTERMEDIATE PRINTOUT:            YES 
 ESTIMATE OUTPUT TO MSF:           YES 
 ABORT WITH PRED EXIT CODE 1:       NO 
 IND. OBJ. FUNC. VALUES SORTED:     NO 
0COVARIANCE STEP OMITTED:    NO 
 EIGENVLS. PRINTED:         YES 
 SPECIAL COMPUTATION:        NO 
 COMPRESSED FORMAT:          NO 
0TABLES STEP OMITTED:    NO 
 NO. OF TABLES:           2
0-- TABLE  1 --
 PRINTED:                NO 
 HEADER:                YES 
 FILE TO BE FORWARDED:   NO 
 0USER-CHOSEN ITEMS:
  ID AMT TIME EVID IPRE CWRES
0-- TABLE  2 --
 PRINTED:                NO 
 HEADER:                YES 
 FILE TO BE FORWARDED:   NO 
 0USER-CHOSEN ITEMS:
  ID TIME CL V KA ETA1 ETA2 ETA3
 
 THE FOLLOWING LABELS ARE EQUIVALENT
 PRED=PREDI
 RES=RESI
 WRES=WRESI
1DOUBLE PRECISION PREDPP VERSION 7.1.0
 
 ONE COMPARTMENT MODEL WITH FIRST-ORDER ABSORPTION (ADVAN2)
0MAXIMUM NO. OF BASIC PK PARAMETERS:   3
0BASIC PK PARAMETERS (AFTER TRANSLATION):
   ELIMINATION RATE (K) IS BASIC PK PARAMETER NO.:  1
   ABSORPTION RATE (KA) IS BASIC PK PARAMETER NO.:  3
 
 TRANSLATOR WILL CONVERT PARAMETERS 
 CLEARANCE (CL) AND VOLUME (V) TO K (TRANS2)
0COMPARTMENT ATTRIBUTES 
 COMPT. NO.   FUNCTION   INITIAL    ON/OFF      DOSE      DEFAULT    DEFAULT
                         STATUS     ALLOWED    ALLOWED    FOR DOSE   FOR OBS.
    1         DEPOT        OFF        YES        YES        YES        NO 
    2         CENTRAL      ON         NO         YES        NO         YES
    3         OUTPUT       OFF        YES        NO         NO         NO 
1
 ADDITIONAL PK PARAMETERS - ASSIGNMENT OF ROWS IN GG
 COMPT. NO.                             INDICES
              SCALE      BIOAVAIL.   ZERO-ORDER  ZERO-ORDER  ABSORB
                         FRACTION    RATE        DURATION    LAG  
    1           *           *           *           *           *
    2           4           *           *           *           *
    3           *           -           -           -           -
             - PARAMETER IS NOT ALLOWED FOR THIS MODEL
             * PARAMETER IS NOT SUPPLIED BY PK SUBROUTINE;
               WILL DEFAULT TO ONE IF APPLICABLE
0DATA ITEM INDICES USED BY PRED ARE:
   EVENT ID DATA ITEM IS DATA ITEM NO.:      4
   TIME DATA ITEM IS DATA ITEM NO.:          3
   DOSE AMOUNT DATA ITEM IS DATA ITEM NO.:   5
 
0PK SUBROUTINE CALLED WITH EVERY EVENT RECORD.
 PK SUBROUTINE NOT CALLED AT NONEVENT (ADDITIONAL OR LAGGED) DOSE TIMES.
0ERROR SUBROUTINE CALLED WITH EVERY EVENT RECORD.
1
 
 
 #METH: First Order Conditional Estimation with Interaction
 MONITORING OF SEARCH:

0ITERATION NO.:    0    OBJECTIVE VALUE:  -517.135173219618        NO. OF FUNC. EVALS.: 7
 CUMULATIVE NO. OF FUNC. EVALS.:        7
 PARAMETER:  1.0000E-01  1.0000E-01  1.0000E-01  1.0000E-01  1.0000E-01  1.0000E-01  1.0000E-01  1.0000E-01
 GRADIENT:  -6.6294E+02 -2.3053E+02  6.9490E+02 -1.6936E+01 -1.3991E+00 -2.1919E+01  1.0235E+01  4.4410E+02
0ITERATION NO.:    5    OBJECTIVE VALUE:  -1715.35708570602        NO. OF FUNC. EVALS.: 9
 CUMULATIVE NO. OF FUNC. EVALS.:       55
 PARAMETER:  7.9504E-02  4.1658E-01  4.5508E-02  2.0903E-01  1.2404E-01  1.8839E-01  9.4487E-03 -3.0774E+00
 GRADIENT:  -1.6398E+03  2.4041E+02  7.9302E+01 -4.4240E+01 -3.5846E+01  1.2302E+01  5.0241E+01  2.2860E+02
0ITERATION NO.:   10    OBJECTIVE VALUE:  -1968.27378100147        NO. OF FUNC. EVALS.:15
 CUMULATIVE NO. OF FUNC. EVALS.:      116
 PARAMETER:  9.3507E-02  1.2403E-01  9.9333E-03  3.2608E-01  3.6213E-01  2.8567E+00  1.1011E-01 -4.4376E+00
 GRADIENT:  -7.8139E+02 -5.3002E+01 -2.0278E+02 -3.0450E+00  1.0451E+01  3.7717E+01  1.4464E+02  1.4476E+02
0ITERATION NO.:   15    OBJECTIVE VALUE:  -2118.61931275998        NO. OF FUNC. EVALS.:13
 CUMULATIVE NO. OF FUNC. EVALS.:      181
 PARAMETER:  1.4137E-01  1.6158E-01  3.4975E-02 -2.3957E-01 -1.3251E+00 -6.8819E-01 -2.6816E-01 -4.5144E+00
 GRADIENT:   3.2456E+02  6.8229E+02 -1.2469E+03 -2.6927E+00 -7.5185E+00 -2.0427E+01  4.2030E+00  0.0000E+00
0ITERATION NO.:   20    OBJECTIVE VALUE:  -2133.62620044705        NO. OF FUNC. EVALS.:13
 CUMULATIVE NO. OF FUNC. EVALS.:      246
 PARAMETER:  1.2883E-01  1.3441E-01  3.3179E-02 -2.6080E-01 -1.2237E+00 -3.6657E-01 -3.0321E-01 -4.5129E+00
 GRADIENT:  -1.2927E+01  3.0608E+01 -3.2472E+02 -5.3718E-01 -3.3854E+00 -1.2598E+00  6.8768E+00  0.0000E+00
0ITERATION NO.:   25    OBJECTIVE VALUE:  -2137.10370828428        NO. OF FUNC. EVALS.:13
 CUMULATIVE NO. OF FUNC. EVALS.:      312
 PARAMETER:  1.2884E-01  1.3589E-01  3.3883E-02 -2.5036E-01 -2.6223E-01 -3.9242E-01 -3.4201E-01 -4.5188E+00
 GRADIENT:  -2.4312E+01  8.4224E+00  6.6138E+01  6.4507E-02  3.9285E-02  1.4214E+00  1.8341E+00  0.0000E+00
0ITERATION NO.:   30    OBJECTIVE VALUE:  -2137.14786632214        NO. OF FUNC. EVALS.:10
 CUMULATIVE NO. OF FUNC. EVALS.:      374
 PARAMETER:  1.2930E-01  1.3516E-01  3.3762E-02 -2.5366E-01 -2.5211E-01 -4.3227E-01 -3.4538E-01 -4.5186E+00
 GRADIENT:  -5.1819E-02  8.6172E-02 -2.9321E-01 -2.0162E-03  2.4847E-03 -1.4664E-03 -7.6818E-03  0.0000E+00
 Elapsed estimation time in seconds:     1.68
 
 #TERM:
0MINIMIZATION SUCCESSFUL
 NO. OF FUNCTION EVALUATIONS USED:      374
 NO. OF SIG. DIGITS IN FINAL EST.:  3.2
0PARAMETER ESTIMATE IS NEAR ITS BOUNDARY
 THIS MUST BE ADDRESSED BEFORE THE COVARIANCE STEP CAN BE IMPLEMENTED

 ETABAR IS THE ARITHMETIC MEAN OF THE ETA-ESTIMATES,
 AND THE P-VALUE IS GIVEN FOR THE NULL HYPOTHESIS THAT THE TRUE MEAN IS 0.

 ETABAR:        -3.4757E-03 -1.3393E-05  2.1717E-03
 SE:             3.9672E-02  2.9039E-02  2.9937E-02

 P VAL.:         9.3019E-01  9.9963E-01  9.4217E-01
 
 ETAshrink(%):   1.3581E+01  3.6842E+01  2.2035E+01
 EPSshrink(%):   2.4741E+01  2.4741E+01
 
 #TERE:
1
 
 
 
 
 
 
 
 
 
 
 
 
 
 
 
 
 
 
 
 
 ************************************************************************************************************************
 ********************                                                                                ********************
 ********************               FIRST ORDER CONDITIONAL ESTIMATION WITH INTERACTION              ********************
 #OBJT:**************                       MINIMUM VALUE OF OBJECTIVE FUNCTION                      ********************
 ********************                                                                                ********************
 ************************************************************************************************************************
 





 #OBJV:********************************************    -2137.148       **************************************************
1
 ************************************************************************************************************************
 ********************                                                                                ********************
 ********************               FIRST ORDER CONDITIONAL ESTIMATION WITH INTERACTION              ********************
 ********************                             FINAL PARAMETER ESTIMATE                           ********************
 ********************                                                                                ********************
 ************************************************************************************************************************
 


 THETA - VECTOR OF FIXED EFFECTS PARAMETERS   *********


         TH 1      TH 2      TH 3     
 
         1.29E+01  1.35E+01  6.75E-02
 


 OMEGA - COV MATRIX FOR RANDOM EFFECTS - ETAS  ********


            ETA1      ETA2      ETA3
 
 ETA1
+        4.44E-02
 
 ETA2
+        0.00E+00  4.45E-02
 
 ETA3
+        0.00E+00  0.00E+00  3.10E-02
 


 SIGMA - COV MATRIX FOR RANDOM EFFECTS - EPSILONS  ****


            EPS1      EPS2
 
 EPS1
+        3.69E-02
 
 EPS2
+        0.00E+00  1.00E-05
 
1THERE ARE ERROR MESSAGES IN FILE PRDERR                                                                  
2010.03.01.1817.44
........................................
NONMEM run with /common/NONMEM/nm7_osx2/test/nm7_osx2.pl
........................................
NONMEM Installation Log for /common/NONMEM/nm7_osx2
]]></text>
<nmqual><version>7.1.0</version><origin><identifier>This log was generated by nmqual.pl, a component of NMQual</identifier><copyright>NMQual copyright (c) 2006 Metrum Institute -- http://metruminstitute.org</copyright></origin><time><year>2009</year><month>12</month><day>21</day><hour>14</hour><minute>48</minute></time><script><name>nmqual.pl</name><arguments><configurationFile>/Users/william/Downloads/nmqual-7.1.0/../config.darwin-ifort-nm7.xml</configurationFile></arguments></script><directory><source>/Volumes/NONMEM_7.1.0/NONMEM_7.1.0</source><target>/common/NONMEM/nm7_osx2</target></directory><tests on="installation"><environment><variable name="SHELL">/bin/bash</variable><variable name="USER">root</variable><variable name="PATH">/common/sge/bin/darwin-x86:/usr/bin:/bin:/usr/sbin:/sbin:/usr/local/bin:/usr/X11/bin:/Users/william/bin:/Users/william/script:/Users/william/script/contrib:/opt/local/bin</variable></environment><system><test><command>perl -e 'use POSIX; print join qq(,\n),uname'</command><result>Darwin,
leopardserver.local,
9.8.0,
Darwin Kernel Version 9.8.0: Wed Jul 15 16:55:01 PDT 2009; root:xnu-1228.15.4~1/RELEASE_I386,
i386</result></test></system></tests><checksum><path name="nm">efe2f99e5d35e620ee05e03f725458ec</path><path name="pr">256974759dacee090ded7efb43727f5d</path><path name="tr">a44a5b4c9a8b165fc97bf884f94bd994</path><path name="test/config.xml">3c18041e18a1fa1ab021c4974de0bcd2</path><path name="test/runtest.pl">36a1956412f6cba3bd6aec017f216d89</path><path name="test/nmqual.pm">624d6e9e001212ec09cf3765f3e493eb</path><path name="test/nm7_osx2.pl">1e556009dac9870738e7b548e7e196db</path></checksum><changed /><configuration xmlns="http://metruminstitute.org/nmqual/configuration" xmlns:xsi="http://www.w3.org/2001/XMLSchema-instance" xsi:schemaLocation="http://metruminstitute.org/nmqual/configuration   http://metruminstitute.org/schemas/config.nmqual-7.xsd">

<pause>0</pause>
<verbose>1</verbose>
<directory id="source">/Volumes/NONMEM_7.1.0/NONMEM_7.1.0</directory> 
<directory id="target">/common/NONMEM/nm7_osx2</directory> 
<file type="zip" from="NMQUAL/nm7control.zip" to="test" />
<file type="zip" from="guides.zip" to="guides" />
<file type="zip" from="help.zip" to="help" />
<file type="zip" from="html.zip" to="html" />
<file nix="0" from="nonmem7e.zip" />
<file nix="0" from="nonmem7r.zip" />
<file type="zip" from="nonmem7r.zip" />
<file nix="0" from="install_Darwin" to="install" />
<file nix="0" from="/Users/william/Downloads/NONMEM.lic" to="license/nonmem.lic" />
<file to="TARGET/resource/SIZES.f90" from="TARGET/resource/SIZES_big" />

<instruction id="compile">./install 2 nonmem7e.zip nonmem7r.zip ifort '-Gs -nologo -nbs -w -Ob1gyti -Qprec_div -4Yportlib -traceback -vec-report0' '-module resource' Linux 'unzip -a' o n x</instruction>
<instruction id="compile">./install 3 nonmem7e.zip nonmem7r.zip ifort '-Gs -nologo -nbs -w -Ob1gyti -Qprec_div -4Yportlib -traceback -vec-report0' '-module resource' Linux 'unzip -a' o n x</instruction>
<instruction id="compile" cd="resource">ar -r resource.a *.o</instruction>
<instruction id="compile" cd="nm">rm -rf termiowin.o</instruction>
<instruction id="compile" cd="nm">ifort -c ifortlinux.f -I../resource</instruction>
<instruction id="compile" cd="tr">ifort -c ifortlinuxtr.f -I../resource</instruction>
<instruction id="library" cd="nm">ar -r nonmem.a *.o new_imsl/*.o</instruction>
<instruction id="nmtran" cd="tr">ifort -o nmtran.exe *.o ../resource/resource.a</instruction>
<instruction id="nonmem">ifort -ITARGET/resource -o nonmem.exe -Gs -nologo -nbs -w -Ob1gyti -Qprec_div -4Yportlib -traceback -vec-report0 FSUBS.f90 FREPORT TARGET/nm/NONMEM_Recoded.o TARGET/nm/nonmem.a TARGET/resource/resource.a TARGET/resource/*.o</instruction> 

<suffix id="fortran">f90</suffix>
<suffix id="object">o</suffix>
<suffix id="library">a</suffix>
<test class="system" command="perl -e 'use POSIX; print join qq(,\n),uname'" />
<test class="environment" variable="SHELL" />
<test class="environment" variable="USER" />
<test class="environment" variable="PATH" />
<attribution>Altered on installation by NMQual (copyright metruminstitute.org)</attribution>
<trash>FSUBS</trash>
<trash>FSUBS.F</trash>
<trash>fsubs.for</trash>
<trash>FSUBS.f90</trash>
<trash>FREPORT</trash>
<trash>FLIB</trash>
<trash>nonmem.exe</trash>
<trash>output</trash>
<checksum>nm</checksum>
<checksum>pr</checksum>
<checksum>tr</checksum>
<checksum>test/config.xml</checksum>
<checksum>test/runtest.pl</checksum>
<checksum>test/nmqual.pm</checksum>
<checksum>test/nm.pl</checksum>
<nonmem version="7" level="1.0" date="08-xx-2009" />
<meta>nmqual 7.1.x for nonmem 7.1.0</meta>
</configuration></nmqual><tests on="execution"><environment><variable name="SHELL">/bin/csh</variable><variable name="USER">timb</variable><variable name="PATH">/tmp/933.1.all.q:/common/sge/bin/darwin-x86:/usr/local/bin:/usr/X11R6/bin:/bin:/sbin:/usr/bin:/bin:/usr/sbin:/sbin</variable></environment><system><test><command>perl -e 'use POSIX; print join qq(,\n),uname'</command><result>Darwin,
leopardserver.local,
9.8.0,
Darwin Kernel Version 9.8.0: Wed Jul 15 16:55:01 PDT 2009; root:xnu-1228.15.4~1/RELEASE_I386,
i386</result></test></system></tests><text><![CDATA[

........................................
NONMEM control test log(s) generated by runtest.pl for /common/NONMEM/nm7_osx2
]]></text>
<runtest><time><year>2009</year><month>12</month><day>21</day><hour>14</hour><minute>52</minute><second>46</second></time><script><name>runtest.pl</name><arguments><argument>3</argument><argument>4</argument><argument>5</argument><argument>6</argument><argument>7</argument><argument>8</argument></arguments></script><directory>/common/NONMEM/nm7_osx2/test</directory><filename>/common/NONMEM/nm7_osx2/test/runtest.2009.12.21.1452.46.xml</filename><username /><user>root</user><install_log>/common/NONMEM/nm7_osx2/test/nmqual_install.2009.12.21.1448.xml</install_log><checksum><path name="nm">efe2f99e5d35e620ee05e03f725458ec</path><path name="pr">256974759dacee090ded7efb43727f5d</path><path name="tr">a44a5b4c9a8b165fc97bf884f94bd994</path><path name="test/config.xml">3c18041e18a1fa1ab021c4974de0bcd2</path><path name="test/runtest.pl">36a1956412f6cba3bd6aec017f216d89</path><path name="test/nmqual.pm">624d6e9e001212ec09cf3765f3e493eb</path><path name="test/nm7_osx2.pl">1e556009dac9870738e7b548e7e196db</path></checksum><tests><test_3><refFile>control3.ref.xml</refFile><testFile>control3.test.xml</testFile><streamFile>3.ctl</streamFile><outFile>3.lst</outFile><command>nm7_osx2.pl</command><commandline>perl /common/NONMEM/nm7_osx2/test/nm7_osx2.pl /common/NONMEM/nm7_osx2/test/3.ctl /common/NONMEM/nm7_osx2/test/3.lst nochecksum</commandline><parameters><MIN><ref>0</ref><test>0</test><similarity>99</similarity><status>match</status></MIN><DESC><ref>3, THEOPHYLLINE SINGLE SUBJECT DATA</ref><test>3, THEOPHYLLINE SINGLE SUBJECT DATA
</test><similarity>99</similarity><status>match</status></DESC><TH2><ref>1.01681E-01</ref><test>1.01681E-01</test><similarity>99</similarity><status>match</status></TH2><COV><ref>0</ref><test>0</test><similarity>99</similarity><status>match</status></COV><TH1><ref>1.94057E+00</ref><test>1.94057E+00</test><similarity>99</similarity><status>match</status></TH1><TH3><ref>3.20217E+01</ref><test>3.20217E+01</test><similarity>99</similarity><status>match</status></TH3><OFV><ref>8.94010167314457</ref><test>8.94010167314457</test><similarity>99</similarity><status>match</status></OFV><OM1.1><ref>8.99322E-01</ref><test>8.99322E-01</test><similarity>99</similarity><status>match</status></OM1.1></parameters></test_3><test_4><refFile>control4.ref.xml</refFile><testFile>control4.test.xml</testFile><streamFile>4.ctl</streamFile><outFile>4.lst</outFile><command>nm7_osx2.pl</command><commandline>perl /common/NONMEM/nm7_osx2/test/nm7_osx2.pl /common/NONMEM/nm7_osx2/test/4.ctl /common/NONMEM/nm7_osx2/test/4.lst nochecksum</commandline><parameters><OM3.2><ref>9.10643E-03</ref><test>9.10643E-03</test><similarity>99</similarity><status>match</status></OM3.2><MIN><ref>0</ref><test>0</test><similarity>99</similarity><status>match</status></MIN><DESC><ref>4, THEOPHYLLINE POPULATION DATA</ref><test>4, THEOPHYLLINE POPULATION DATA
</test><similarity>99</similarity><status>match</status></DESC><TH2><ref>7.81286E-02</ref><test>7.81286E-02</test><similarity>99</similarity><status>match</status></TH2><OM3.1><ref>-1.27668E-01</ref><test>-1.27668E-01</test><similarity>99</similarity><status>match</status></OM3.1><OM3.3><ref>5.15206E-01</ref><test>5.15206E-01</test><similarity>99</similarity><status>match</status></OM3.3><OM2.2><ref>2.39848E-04</ref><test>2.39848E-04</test><similarity>99</similarity><status>match</status></OM2.2><OFV><ref>104.561067398632</ref><test>104.561067398632</test><similarity>99</similarity><status>match</status></OFV><OM2.1><ref>5.23932E-03</ref><test>5.23932E-03</test><similarity>99</similarity><status>match</status></OM2.1><OM1.1><ref>5.54976E+00</ref><test>5.54976E+00</test><similarity>99</similarity><status>match</status></OM1.1><COV><ref>0</ref><test>0</test><similarity>99</similarity><status>match</status></COV><TH1><ref>2.77387E+00</ref><test>2.77387E+00</test><similarity>99</similarity><status>match</status></TH1><TH3><ref>3.63073E-02</ref><test>3.63073E-02</test><similarity>99</similarity><status>match</status></TH3><SG1.1><ref>3.87501E-01</ref><test>3.87501E-01</test><similarity>99</similarity><status>match</status></SG1.1></parameters></test_4><test_5><refFile>control5.ref.xml</refFile><testFile>control5.test.xml</testFile><streamFile>5.ctl</streamFile><outFile>5.lst</outFile><command>nm7_osx2.pl</command><commandline>perl /common/NONMEM/nm7_osx2/test/nm7_osx2.pl /common/NONMEM/nm7_osx2/test/5.ctl /common/NONMEM/nm7_osx2/test/5.lst nochecksum</commandline><parameters><OM3.2><ref>9.10643E-03</ref><test>9.10643E-03</test><similarity>99</similarity><status>match</status></OM3.2><MIN><ref>0</ref><test>0</test><similarity>99</similarity><status>match</status></MIN><DESC><ref>5, THEOPHYLLINE POPULATION DATA</ref><test>5, THEOPHYLLINE POPULATION DATA
</test><similarity>99</similarity><status>match</status></DESC><TH2><ref>7.81286E-02</ref><test>7.81286E-02</test><similarity>99</similarity><status>match</status></TH2><OM3.1><ref>-1.27668E-01</ref><test>-1.27668E-01</test><similarity>99</similarity><status>match</status></OM3.1><OM3.3><ref>5.15206E-01</ref><test>5.15206E-01</test><similarity>99</similarity><status>match</status></OM3.3><OM2.2><ref>2.39848E-04</ref><test>2.39848E-04</test><similarity>99</similarity><status>match</status></OM2.2><OFV><ref>104.561067398633</ref><test>104.561067398633</test><similarity>99</similarity><status>match</status></OFV><OM2.1><ref>5.23932E-03</ref><test>5.23932E-03</test><similarity>99</similarity><status>match</status></OM2.1><OM1.1><ref>5.54976E+00</ref><test>5.54976E+00</test><similarity>99</similarity><status>match</status></OM1.1><COV><ref>0</ref><test>0</test><similarity>99</similarity><status>match</status></COV><TH1><ref>2.77387E+00</ref><test>2.77387E+00</test><similarity>99</similarity><status>match</status></TH1><TH3><ref>3.63073E-02</ref><test>3.63073E-02</test><similarity>99</similarity><status>match</status></TH3><SG1.1><ref>3.87501E-01</ref><test>3.87501E-01</test><similarity>99</similarity><status>match</status></SG1.1></parameters></test_5><test_6><refFile>control6.ref.xml</refFile><testFile>control6.test.xml</testFile><streamFile>6.ctl</streamFile><outFile>6.lst</outFile><command>nm7_osx2.pl</command><commandline>perl /common/NONMEM/nm7_osx2/test/nm7_osx2.pl /common/NONMEM/nm7_osx2/test/6.ctl /common/NONMEM/nm7_osx2/test/6.lst nochecksum</commandline><parameters><OM3.2><ref>9.10643E-03</ref><test>9.10643E-03</test><similarity>99</similarity><status>match</status></OM3.2><MIN><ref>0</ref><test>0</test><similarity>99</similarity><status>match</status></MIN><DESC><ref>6, THEOPHYLLINE POPULATION DATA</ref><test>6, THEOPHYLLINE POPULATION DATA
</test><similarity>99</similarity><status>match</status></DESC><TH2><ref>7.81286E-02</ref><test>7.81286E-02</test><similarity>99</similarity><status>match</status></TH2><OM3.1><ref>-1.27668E-01</ref><test>-1.27668E-01</test><similarity>99</similarity><status>match</status></OM3.1><OM3.3><ref>5.15206E-01</ref><test>5.15206E-01</test><similarity>99</similarity><status>match</status></OM3.3><OM2.2><ref>2.39848E-04</ref><test>2.39848E-04</test><similarity>99</similarity><status>match</status></OM2.2><OFV><ref>104.561067398633</ref><test>104.561067398633</test><similarity>99</similarity><status>match</status></OFV><OM2.1><ref>5.23932E-03</ref><test>5.23932E-03</test><similarity>99</similarity><status>match</status></OM2.1><OM1.1><ref>5.54976E+00</ref><test>5.54976E+00</test><similarity>99</similarity><status>match</status></OM1.1><COV><ref>0</ref><test>0</test><similarity>99</similarity><status>match</status></COV><TH1><ref>2.77387E+00</ref><test>2.77387E+00</test><similarity>99</similarity><status>match</status></TH1><TH3><ref>3.63073E-02</ref><test>3.63073E-02</test><similarity>99</similarity><status>match</status></TH3><SG1.1><ref>3.87501E-01</ref><test>3.87501E-01</test><similarity>99</similarity><status>match</status></SG1.1></parameters></test_6><test_7><refFile>control7.ref.xml</refFile><testFile>control7.test.xml</testFile><streamFile>7.ctl</streamFile><outFile>7.lst</outFile><command>nm7_osx2.pl</command><commandline>perl /common/NONMEM/nm7_osx2/test/nm7_osx2.pl /common/NONMEM/nm7_osx2/test/7.ctl /common/NONMEM/nm7_osx2/test/7.lst nochecksum</commandline><parameters><OM3.2><ref>9.10643E-03</ref><test>9.10643E-03</test><similarity>99</similarity><status>match</status></OM3.2><MIN><ref>0</ref><test>0</test><similarity>99</similarity><status>match</status></MIN><DESC><ref>7, THEOPHYLLINE POPULATION DATA</ref><test>7, THEOPHYLLINE POPULATION DATA
</test><similarity>99</similarity><status>match</status></DESC><TH2><ref>7.81286E-02</ref><test>7.81286E-02</test><similarity>99</similarity><status>match</status></TH2><OM3.1><ref>-1.27668E-01</ref><test>-1.27668E-01</test><similarity>99</similarity><status>match</status></OM3.1><OM3.3><ref>5.15206E-01</ref><test>5.15206E-01</test><similarity>99</similarity><status>match</status></OM3.3><OM2.2><ref>2.39848E-04</ref><test>2.39848E-04</test><similarity>99</similarity><status>match</status></OM2.2><OFV><ref>104.561067310441</ref><test>104.561067310441</test><similarity>99</similarity><status>match</status></OFV><OM2.1><ref>5.23932E-03</ref><test>5.23932E-03</test><similarity>99</similarity><status>match</status></OM2.1><OM1.1><ref>5.54976E+00</ref><test>5.54976E+00</test><similarity>99</similarity><status>match</status></OM1.1><COV><ref>0</ref><test>0</test><similarity>99</similarity><status>match</status></COV><TH1><ref>2.77387E+00</ref><test>2.77387E+00</test><similarity>99</similarity><status>match</status></TH1><TH3><ref>3.63073E-02</ref><test>3.63073E-02</test><similarity>99</similarity><status>match</status></TH3><SG1.1><ref>3.87501E-01</ref><test>3.87501E-01</test><similarity>99</similarity><status>match</status></SG1.1></parameters></test_7><test_8><refFile>control8.ref.xml</refFile><testFile>control8.test.xml</testFile><streamFile>8.ctl</streamFile><outFile>8.lst</outFile><command>nm7_osx2.pl</command><commandline>perl /common/NONMEM/nm7_osx2/test/nm7_osx2.pl /common/NONMEM/nm7_osx2/test/8.ctl /common/NONMEM/nm7_osx2/test/8.lst nochecksum</commandline><parameters><TH5><ref>7.34486E+00</ref><test>7.34475E+00</test><similarity>4.82</similarity><status>partial match</status></TH5><MIN><ref>0</ref><test>0</test><similarity>99</similarity><status>match</status></MIN><TH2><ref>1.29135E+01</ref><test>1.29135E+01</test><similarity>99</similarity><status>match</status></TH2><TH6><ref>1.77076E+01</ref><test>1.77076E+01</test><similarity>99</similarity><status>match</status></TH6><OM3.3><ref>3.43608E-02</ref><test>3.43605E-02</test><similarity>5.06</similarity><status>partial match</status></OM3.3><OFV><ref>4425.31299055917</ref><test>4425.31299050029</test><similarity>10.88</similarity><status>partial match</status></OFV><SG6.6><ref>1.18045E+01</ref><test>1.18042E+01</test><similarity>4.59</similarity><status>partial match</status></SG6.6><OM1.1><ref>9.48496E-03</ref><test>9.48483E-03</test><similarity>4.86</similarity><status>partial match</status></OM1.1><SG5.5><ref>6.01007E-02</ref><test>6.01015E-02</test><similarity>4.88</similarity><status>partial match</status></SG5.5><SG4.4><ref>1.42000E-01</ref><test>1.41991E-01</test><similarity>4.20</similarity><status>partial match</status></SG4.4><DESC><ref>8, Parent-Metabolite-Urine Model</ref><test>8, Parent-Metabolite-Urine Model
</test><similarity>99</similarity><status>match</status></DESC><OM4.4><ref>2.67234E-02</ref><test>2.67255E-02</test><similarity>4.10</similarity><status>partial match</status></OM4.4><TH8><ref>1.31768E+00</ref><test>1.31768E+00</test><similarity>99</similarity><status>match</status></TH8><SG3.3><ref>4.52108E-02</ref><test>4.52108E-02</test><similarity>99</similarity><status>match</status></SG3.3><SG2.2><ref>1.57506E+04</ref><test>1.57501E+04</test><similarity>4.50</similarity><status>partial match</status></SG2.2><OM2.2><ref>2.18600E-02</ref><test>2.18604E-02</test><similarity>4.74</similarity><status>partial match</status></OM2.2><OM6.6><ref>7.41652E-02</ref><test>7.41637E-02</test><similarity>4.69</similarity><status>partial match</status></OM6.6><COV><ref>0</ref><test>0</test><similarity>99</similarity><status>match</status></COV><TH1><ref>4.93015E-01</ref><test>4.93015E-01</test><similarity>99</similarity><status>match</status></TH1><TH7><ref>5.91295E-01</ref><test>5.91300E-01</test><similarity>5.07</similarity><status>partial match</status></TH7><OM5.5><ref>1.84058E-02</ref><test>1.84063E-02</test><similarity>4.57</similarity><status>partial match</status></OM5.5><TH4><ref>1.84011E+01</ref><test>1.84011E+01</test><similarity>99</similarity><status>match</status></TH4><TH3><ref>5.74744E+00</ref><test>5.74747E+00</test><similarity>5.28</similarity><status>partial match</status></TH3><TH9><ref>2.15449E+00</ref><test>2.15449E+00</test><similarity>99</similarity><status>match</status></TH9><SG1.1><ref>7.14281E-02</ref><test>7.14287E-02</test><similarity>5.08</similarity><status>partial match</status></SG1.1></parameters></test_8></tests></runtest>
</nonmem>
